Analysis & Synthesis report for SPI_to_I2C
Mon Nov 05 10:36:45 2007
Quartus II Version 7.2 Build 151 09/26/2007 SJ Full Version


---------------------
; Table of Contents ;
---------------------
  1. Legal Notice
  2. Analysis & Synthesis Summary
  3. Analysis & Synthesis Settings
  4. Analysis & Synthesis Source Files Read
  5. Analysis & Synthesis Resource Usage Summary
  6. Analysis & Synthesis Resource Utilization by Entity
  7. Registers Removed During Synthesis
  8. General Register Statistics
  9. Multiplexer Restructuring Statistics (Restructuring Performed)
 10. Analysis & Synthesis Messages
 11. Analysis & Synthesis Suppressed Messages



----------------
; Legal Notice ;
----------------
Copyright (C) 1991-2007 Altera Corporation
Your use of Altera Corporation's design tools, logic functions 
and other software and tools, and its AMPP partner logic 
functions, and any output files from any of the foregoing 
(including device programming or simulation files), and any 
associated documentation or information are expressly subject 
to the terms and conditions of the Altera Program License 
Subscription Agreement, Altera MegaCore Function License 
Agreement, or other applicable license agreement, including, 
without limitation, that your use is for the sole purpose of 
programming logic devices manufactured by Altera and sold by 
Altera or its authorized distributors.  Please refer to the 
applicable agreement for further details.



+------------------------------------------------------------------------+
; Analysis & Synthesis Summary                                           ;
+-----------------------------+------------------------------------------+
; Analysis & Synthesis Status ; Successful - Mon Nov 05 10:36:45 2007    ;
; Quartus II Version          ; 7.2 Build 151 09/26/2007 SJ Full Version ;
; Revision Name               ; SPI_to_I2C                               ;
; Top-level Entity Name       ; SPI_to_I2C                               ;
; Family                      ; MAX II                                   ;
; Total logic elements        ; 113                                      ;
; Total pins                  ; 6                                        ;
; Total virtual pins          ; 0                                        ;
; Total memory bits           ; 0                                        ;
; DSP block 9-bit elements    ; 0                                        ;
; Total PLLs                  ; 0                                        ;
; Total DLLs                  ; 0                                        ;
+-----------------------------+------------------------------------------+


+--------------------------------------------------------------------------------------------------------------------------+
; Analysis & Synthesis Settings                                                                                            ;
+--------------------------------------------------------------------------------+--------------------+--------------------+
; Option                                                                         ; Setting            ; Default Value      ;
+--------------------------------------------------------------------------------+--------------------+--------------------+
; Device                                                                         ; EPM240GT100C3      ;                    ;
; Top-level entity name                                                          ; SPI_to_I2C         ; SPI_to_I2C         ;
; Family name                                                                    ; MAX II             ; Stratix            ;
; Use smart compilation                                                          ; Off                ; Off                ;
; Maximum processors allowed for parallel compilation                            ; 1                  ; 1                  ;
; Restructure Multiplexers                                                       ; Auto               ; Auto               ;
; Create Debugging Nodes for IP Cores                                            ; Off                ; Off                ;
; Preserve fewer node names                                                      ; On                 ; On                 ;
; Disable OpenCore Plus hardware evaluation                                      ; Off                ; Off                ;
; Verilog Version                                                                ; Verilog_2001       ; Verilog_2001       ;
; VHDL Version                                                                   ; VHDL93             ; VHDL93             ;
; State Machine Processing                                                       ; Auto               ; Auto               ;
; Safe State Machine                                                             ; Off                ; Off                ;
; Extract Verilog State Machines                                                 ; On                 ; On                 ;
; Extract VHDL State Machines                                                    ; On                 ; On                 ;
; Ignore Verilog initial constructs                                              ; Off                ; Off                ;
; Add Pass-Through Logic to Inferred RAMs                                        ; On                 ; On                 ;
; Parallel Synthesis                                                             ; Off                ; Off                ;
; NOT Gate Push-Back                                                             ; On                 ; On                 ;
; Power-Up Don't Care                                                            ; On                 ; On                 ;
; Remove Redundant Logic Cells                                                   ; Off                ; Off                ;
; Remove Duplicate Registers                                                     ; On                 ; On                 ;
; Ignore CARRY Buffers                                                           ; Off                ; Off                ;
; Ignore CASCADE Buffers                                                         ; Off                ; Off                ;
; Ignore GLOBAL Buffers                                                          ; Off                ; Off                ;
; Ignore ROW GLOBAL Buffers                                                      ; Off                ; Off                ;
; Ignore LCELL Buffers                                                           ; Off                ; Off                ;
; Ignore SOFT Buffers                                                            ; On                 ; On                 ;
; Limit AHDL Integers to 32 Bits                                                 ; Off                ; Off                ;
; Optimization Technique -- MAX II                                               ; Balanced           ; Balanced           ;
; Carry Chain Length -- Stratix/Stratix GX/Cyclone/MAX II/Cyclone II/Cyclone III ; 70                 ; 70                 ;
; Auto Carry Chains                                                              ; On                 ; On                 ;
; Auto Open-Drain Pins                                                           ; On                 ; On                 ;
; Perform WYSIWYG Primitive Resynthesis                                          ; Off                ; Off                ;
; Perform gate-level register retiming                                           ; Off                ; Off                ;
; Allow register retiming to trade off Tsu/Tco with Fmax                         ; On                 ; On                 ;
; Auto Shift Register Replacement                                                ; Auto               ; Auto               ;
; Auto Clock Enable Replacement                                                  ; On                 ; On                 ;
; Allow Synchronous Control Signals                                              ; On                 ; On                 ;
; Force Use of Synchronous Clear Signals                                         ; Off                ; Off                ;
; Auto Resource Sharing                                                          ; Off                ; Off                ;
; Ignore translate_off and synthesis_off directives                              ; Off                ; Off                ;
; Show Parameter Settings Tables in Synthesis Report                             ; On                 ; On                 ;
; Ignore Maximum Fan-Out Assignments                                             ; Off                ; Off                ;
; Retiming Meta-Stability Register Sequence Length                               ; 2                  ; 2                  ;
; PowerPlay Power Optimization                                                   ; Normal compilation ; Normal compilation ;
; HDL message level                                                              ; Level2             ; Level2             ;
; Suppress Register Optimization Related Messages                                ; Off                ; Off                ;
; Number of Removed Registers Reported in Synthesis Report                       ; 100                ; 100                ;
; Clock MUX Protection                                                           ; On                 ; On                 ;
; Block Design Naming                                                            ; Auto               ; Auto               ;
+--------------------------------------------------------------------------------+--------------------+--------------------+


+-------------------------------------------------------------------------------------------------------------------------------------------------------------------------------------------+
; Analysis & Synthesis Source Files Read                                                                                                                                                    ;
+----------------------------------+-----------------+------------------------+-------------------------------------------------------------------------------------------------------------+
; File Name with User-Entered Path ; Used in Netlist ; File Type              ; File Name with Absolute Path                                                                                ;
+----------------------------------+-----------------+------------------------+-------------------------------------------------------------------------------------------------------------+
; ../code/SPI_to_I2C.v             ; yes             ; User Verilog HDL File  ; U:/Work/MAXIIZ Design Examples/Designs/AN486_SPI_to_I2C_Altera_MAX_II_CPLD_Design_Example/code/SPI_to_I2C.v ;
+----------------------------------+-----------------+------------------------+-------------------------------------------------------------------------------------------------------------+


+--------------------------------------------------------+
; Analysis & Synthesis Resource Usage Summary            ;
+---------------------------------------------+----------+
; Resource                                    ; Usage    ;
+---------------------------------------------+----------+
; Total logic elements                        ; 113      ;
;     -- Combinational with no register       ; 46       ;
;     -- Register only                        ; 14       ;
;     -- Combinational with a register        ; 53       ;
;                                             ;          ;
; Logic element usage by number of LUT inputs ;          ;
;     -- 4 input functions                    ; 51       ;
;     -- 3 input functions                    ; 22       ;
;     -- 2 input functions                    ; 20       ;
;     -- 1 input functions                    ; 2        ;
;     -- 0 input functions                    ; 4        ;
;                                             ;          ;
; Logic elements by mode                      ;          ;
;     -- normal mode                          ; 105      ;
;     -- arithmetic mode                      ; 8        ;
;     -- qfbk mode                            ; 0        ;
;     -- register cascade mode                ; 0        ;
;     -- synchronous clear/load mode          ; 1        ;
;     -- asynchronous clear/load mode         ; 16       ;
;                                             ;          ;
; Total registers                             ; 67       ;
; Total logic cells in carry chains           ; 9        ;
; I/O pins                                    ; 6        ;
; Maximum fan-out node                        ; SPI_sclk ;
; Maximum fan-out                             ; 26       ;
; Total fan-out                               ; 420      ;
; Average fan-out                             ; 3.50     ;
+---------------------------------------------+----------+


+----------------------------------------------------------------------------------------------------------------------------------------------------------------------------------------------------------------------------------------------------------------------------------------------------------------+
; Analysis & Synthesis Resource Utilization by Entity                                                                                                                                                                                                                                                            ;
+-----------------------------------------+-------------+--------------+-------------+--------------+---------+-----------+-----------+------+--------------+--------------+-------------------+------------------+-----------------+------------+------------------------------------------------+--------------+
; Compilation Hierarchy Node              ; Logic Cells ; LC Registers ; Memory Bits ; DSP Elements ; DSP 9x9 ; DSP 18x18 ; DSP 36x36 ; Pins ; Virtual Pins ; LUT-Only LCs ; Register-Only LCs ; LUT/Register LCs ; Carry Chain LCs ; Packed LCs ; Full Hierarchy Name                            ; Library Name ;
+-----------------------------------------+-------------+--------------+-------------+--------------+---------+-----------+-----------+------+--------------+--------------+-------------------+------------------+-----------------+------------+------------------------------------------------+--------------+
; |SPI_to_I2C                             ; 113 (1)     ; 67           ; 0           ; 0            ; 0       ; 0         ; 0         ; 6    ; 0            ; 46 (1)       ; 14 (0)            ; 53 (0)           ; 9 (0)           ; 0 (0)      ; |SPI_to_I2C                                    ; work         ;
;    |I2C_master:i2c|                     ; 59 (59)     ; 30           ; 0           ; 0            ; 0       ; 0         ; 0         ; 0    ; 0            ; 29 (29)      ; 10 (10)           ; 20 (20)          ; 0 (0)           ; 0 (0)      ; |SPI_to_I2C|I2C_master:i2c                     ; work         ;
;    |SPI_slave:spi|                      ; 43 (43)     ; 27           ; 0           ; 0            ; 0       ; 0         ; 0         ; 0    ; 0            ; 16 (16)      ; 4 (4)             ; 23 (23)          ; 0 (0)           ; 0 (0)      ; |SPI_to_I2C|SPI_slave:spi                      ; work         ;
;    |divider:divide|                     ; 10 (10)     ; 10           ; 0           ; 0            ; 0       ; 0         ; 0         ; 0    ; 0            ; 0 (0)        ; 0 (0)             ; 10 (10)          ; 9 (9)           ; 0 (0)      ; |SPI_to_I2C|divider:divide                     ; work         ;
;    |internal_oss_altufm_osc_7p3:ufmosc| ; 0 (0)       ; 0            ; 0           ; 0            ; 0       ; 0         ; 0         ; 0    ; 0            ; 0 (0)        ; 0 (0)             ; 0 (0)            ; 0 (0)           ; 0 (0)      ; |SPI_to_I2C|internal_oss_altufm_osc_7p3:ufmosc ; work         ;
+-----------------------------------------+-------------+--------------+-------------+--------------+---------+-----------+-----------+------+--------------+--------------+-------------------+------------------+-----------------+------------+------------------------------------------------+--------------+
Note: For table entries with two numbers listed, the numbers in parentheses indicate the number of resources of the given type used by the specific entity alone. The numbers listed outside of parentheses indicate the total resources of the given type used by the specific entity and all of its sub-entities in the hierarchy.


+--------------------------------------------------------------------------------+
; Registers Removed During Synthesis                                             ;
+---------------------------------------+----------------------------------------+
; Register name                         ; Reason for Removal                     ;
+---------------------------------------+----------------------------------------+
; I2C_master:i2c|scl_out~reg0           ; Stuck at GND due to stuck port data_in ;
; Total Number of Removed Registers = 1 ;                                        ;
+---------------------------------------+----------------------------------------+


+------------------------------------------------------+
; General Register Statistics                          ;
+----------------------------------------------+-------+
; Statistic                                    ; Value ;
+----------------------------------------------+-------+
; Total registers                              ; 67    ;
; Number of registers using Synchronous Clear  ; 1     ;
; Number of registers using Synchronous Load   ; 0     ;
; Number of registers using Asynchronous Clear ; 16    ;
; Number of registers using Asynchronous Load  ; 0     ;
; Number of registers using Clock Enable       ; 6     ;
; Number of registers using Preset             ; 0     ;
+----------------------------------------------+-------+


+---------------------------------------------------------------------------------------------------------------------------------------------------+
; Multiplexer Restructuring Statistics (Restructuring Performed)                                                                                    ;
+--------------------+-----------+---------------+----------------------+------------------------+------------+-------------------------------------+
; Multiplexer Inputs ; Bus Width ; Baseline Area ; Area if Restructured ; Saving if Restructured ; Registered ; Example Multiplexer Output          ;
+--------------------+-----------+---------------+----------------------+------------------------+------------+-------------------------------------+
; 5:1                ; 4 bits    ; 12 LEs        ; 12 LEs               ; 0 LEs                  ; Yes        ; |SPI_to_I2C|I2C_master:i2c|count[0] ;
+--------------------+-----------+---------------+----------------------+------------------------+------------+-------------------------------------+


+-------------------------------+
; Analysis & Synthesis Messages ;
+-------------------------------+
Info: *******************************************************************
Info: Running Quartus II Analysis & Synthesis
    Info: Version 7.2 Build 151 09/26/2007 SJ Full Version
    Info: Processing started: Mon Nov 05 10:36:39 2007
Info: Command: quartus_map --read_settings_files=on --write_settings_files=off SPI_to_I2C -c SPI_to_I2C
Info: Found 5 design units, including 5 entities, in source file ../code/SPI_to_I2C.v
    Info: Found entity 1: SPI_to_I2C
    Info: Found entity 2: SPI_slave
    Info: Found entity 3: I2C_master
    Info: Found entity 4: internal_oss_altufm_osc_7p3
    Info: Found entity 5: divider
Info: Elaborating entity "SPI_to_I2C" for the top level hierarchy
Info: Elaborating entity "internal_oss_altufm_osc_7p3" for hierarchy "internal_oss_altufm_osc_7p3:ufmosc"
Info: Elaborating entity "divider" for hierarchy "divider:divide"
Warning (10230): Verilog HDL assignment warning at SPI_to_I2C.v(382): truncated value with size 32 to match size of target (10)
Info: Elaborating entity "SPI_slave" for hierarchy "SPI_slave:spi"
Info: Elaborating entity "I2C_master" for hierarchy "I2C_master:i2c"
Warning (10034): Output port "status_reg[7]" at SPI_to_I2C.v(131) has no driver
Warning (10034): Output port "status_reg[6]" at SPI_to_I2C.v(131) has no driver
Warning (10034): Output port "status_reg[5]" at SPI_to_I2C.v(131) has no driver
Warning (10034): Output port "status_reg[4]" at SPI_to_I2C.v(131) has no driver
Warning (10034): Output port "status_reg[3]" at SPI_to_I2C.v(131) has no driver
Warning (10034): Output port "status_reg[2]" at SPI_to_I2C.v(131) has no driver
Warning (10034): Output port "status_reg[1]" at SPI_to_I2C.v(131) has no driver
Warning (14130): Reduced register "I2C_master:i2c|scl_out~reg0" with stuck data_in port to stuck value GND
Info: Implemented 120 device resources after synthesis - the final resource count might be different
    Info: Implemented 3 input pins
    Info: Implemented 1 output pins
    Info: Implemented 2 bidirectional pins
    Info: Implemented 113 logic cells
    Info: Implemented 1 User Flash Memory blocks
Info: Generated suppressed messages file U:/Work/MAXIIZ Design Examples/Designs/AN486_SPI_to_I2C_Altera_MAX_II_CPLD_Design_Example/quartus/SPI_to_I2C.map.smsg
Info: Quartus II Analysis & Synthesis was successful. 0 errors, 9 warnings
    Info: Allocated 145 megabytes of memory during processing
    Info: Processing ended: Mon Nov 05 10:36:45 2007
    Info: Elapsed time: 00:00:06


+------------------------------------------+
; Analysis & Synthesis Suppressed Messages ;
+------------------------------------------+
The suppressed messages can be found in U:/Work/MAXIIZ Design Examples/Designs/AN486_SPI_to_I2C_Altera_MAX_II_CPLD_Design_Example/quartus/SPI_to_I2C.map.smsg.


