Flow report for SPI_Master
Thu Nov 22 16:42:11 2007
Quartus II Version 7.2 Build 151 09/26/2007 SJ Full Version


---------------------
; Table of Contents ;
---------------------
  1. Legal Notice
  2. Flow Summary
  3. Flow Settings
  4. Flow Non-Default Global Settings
  5. Flow Elapsed Time
  6. Flow Log



----------------
; Legal Notice ;
----------------
Copyright (C) 1991-2007 Altera Corporation
Your use of Altera Corporation's design tools, logic functions 
and other software and tools, and its AMPP partner logic 
functions, and any output files from any of the foregoing 
(including device programming or simulation files), and any 
associated documentation or information are expressly subject 
to the terms and conditions of the Altera Program License 
Subscription Agreement, Altera MegaCore Function License 
Agreement, or other applicable license agreement, including, 
without limitation, that your use is for the sole purpose of 
programming logic devices manufactured by Altera and sold by 
Altera or its authorized distributors.  Please refer to the 
applicable agreement for further details.



+---------------------------------------------------------------------+
; Flow Summary                                                        ;
+--------------------------+------------------------------------------+
; Flow Status              ; Successful - Thu Nov 22 16:42:11 2007    ;
; Quartus II Version       ; 7.2 Build 151 09/26/2007 SJ Full Version ;
; Revision Name            ; SPI_Master                               ;
; Top-level Entity Name    ; SPI_Master                               ;
; Family                   ; MAX II                                   ;
; Device                   ; EPM240GT100C3                            ;
; Timing Models            ; Final                                    ;
; Met timing requirements  ; No                                       ;
; Total logic elements     ; 68 / 240 ( 28 % )                        ;
; Total pins               ; 25 / 80 ( 31 % )                         ;
; Total virtual pins       ; 0                                        ;
; Total memory bits        ; 0                                        ;
; DSP block 9-bit elements ; 0                                        ;
; Total PLLs               ; 0                                        ;
; Total DLLs               ; 0                                        ;
; UFM blocks               ; 0 / 1 ( 0 % )                            ;
+--------------------------+------------------------------------------+


+-----------------------------------------+
; Flow Settings                           ;
+-------------------+---------------------+
; Option            ; Setting             ;
+-------------------+---------------------+
; Start date & time ; 11/22/2007 16:41:52 ;
; Main task         ; Compilation         ;
; Revision Name     ; SPI_Master          ;
+-------------------+---------------------+


+-------------------------------------------------------------------------------------------------------------------------------------------------------------------------------------------------------+
; Flow Non-Default Global Settings                                                                                                                                                                      ;
+-----------------+------------------------------------------------------------------------------------------------------------------------------------------+---------------+-------------+------------+
; Assignment Name ; Value                                                                                                                                    ; Default Value ; Entity Name ; Section Id ;
+-----------------+------------------------------------------------------------------------------------------------------------------------------------------+---------------+-------------+------------+
; USER_LIBRARIES  ; C:/srikanth/altera/battle_board/rcvd_files/8feb07/quartus/extracted/QuartusII51sp1/cntr16_load_fi16/cntr16_load_fi1_new_restored_sri/db/ ; --            ; --          ; --         ;
+-----------------+------------------------------------------------------------------------------------------------------------------------------------------+---------------+-------------+------------+


+------------------------------------------------------------------+
; Flow Elapsed Time                                                ;
+-------------------------+--------------+-------------------------+
; Module Name             ; Elapsed Time ; Average Processors Used ;
+-------------------------+--------------+-------------------------+
; Analysis & Synthesis    ; 00:00:04     ; 1.0                     ;
; Fitter                  ; 00:00:06     ; 1.0                     ;
; Assembler               ; 00:00:03     ; 1.0                     ;
; Classic Timing Analyzer ; 00:00:02     ; 1.0                     ;
; Total                   ; 00:00:15     ; --                      ;
+-------------------------+--------------+-------------------------+


------------
; Flow Log ;
------------
quartus_map --read_settings_files=on --write_settings_files=off SPI_Master -c SPI_Master
quartus_fit --read_settings_files=off --write_settings_files=off SPI_Master -c SPI_Master
quartus_asm --read_settings_files=off --write_settings_files=off SPI_Master -c SPI_Master
quartus_tan --read_settings_files=off --write_settings_files=off SPI_Master -c SPI_Master



