Fitter report for SPI_Master
Thu Nov 22 16:42:02 2007
Quartus II Version 7.2 Build 151 09/26/2007 SJ Full Version


---------------------
; Table of Contents ;
---------------------
  1. Legal Notice
  2. Fitter Summary
  3. Fitter Settings
  4. Pin-Out File
  5. Fitter Resource Usage Summary
  6. Input Pins
  7. Output Pins
  8. Bidir Pins
  9. I/O Bank Usage
 10. All Package Pins
 11. Output Pin Default Load For Reported TCO
 12. Fitter Resource Utilization by Entity
 13. Delay Chain Summary
 14. Control Signals
 15. Global & Other Fast Signals
 16. Non-Global High Fan-Out Signals
 17. Interconnect Usage Summary
 18. LAB Logic Elements
 19. LAB-wide Signals
 20. LAB Signals Sourced
 21. LAB Signals Sourced Out
 22. LAB Distinct Inputs
 23. Fitter Device Options
 24. Advanced Data - General
 25. Advanced Data - Placement Preparation
 26. Advanced Data - Placement
 27. Advanced Data - Routing
 28. Fitter INI Usage
 29. Fitter Messages
 30. Fitter Suppressed Messages



----------------
; Legal Notice ;
----------------
Copyright (C) 1991-2007 Altera Corporation
Your use of Altera Corporation's design tools, logic functions 
and other software and tools, and its AMPP partner logic 
functions, and any output files from any of the foregoing 
(including device programming or simulation files), and any 
associated documentation or information are expressly subject 
to the terms and conditions of the Altera Program License 
Subscription Agreement, Altera MegaCore Function License 
Agreement, or other applicable license agreement, including, 
without limitation, that your use is for the sole purpose of 
programming logic devices manufactured by Altera and sold by 
Altera or its authorized distributors.  Please refer to the 
applicable agreement for further details.



+------------------------------------------------------------------+
; Fitter Summary                                                   ;
+-----------------------+------------------------------------------+
; Fitter Status         ; Successful - Thu Nov 22 16:42:02 2007    ;
; Quartus II Version    ; 7.2 Build 151 09/26/2007 SJ Full Version ;
; Revision Name         ; SPI_Master                               ;
; Top-level Entity Name ; SPI_Master                               ;
; Family                ; MAX II                                   ;
; Device                ; EPM240GT100C3                            ;
; Timing Models         ; Final                                    ;
; Total logic elements  ; 68 / 240 ( 28 % )                        ;
; Total pins            ; 25 / 80 ( 31 % )                         ;
; Total virtual pins    ; 0                                        ;
; UFM blocks            ; 0 / 1 ( 0 % )                            ;
+-----------------------+------------------------------------------+


+--------------------------------------------------------------------------------------------------------------------------------------+
; Fitter Settings                                                                                                                      ;
+--------------------------------------------------------------------+--------------------------------+--------------------------------+
; Option                                                             ; Setting                        ; Default Value                  ;
+--------------------------------------------------------------------+--------------------------------+--------------------------------+
; Device                                                             ; EPM240GT100C3                  ;                                ;
; Fit Attempts to Skip                                               ; 0                              ; 0.0                            ;
; Device I/O Standard                                                ; LVTTL                          ;                                ;
; Use smart compilation                                              ; Off                            ; Off                            ;
; Maximum processors allowed for parallel compilation                ; 1                              ; 1                              ;
; Use TimeQuest Timing Analyzer                                      ; Off                            ; Off                            ;
; Router Timing Optimization Level                                   ; Normal                         ; Normal                         ;
; Placement Effort Multiplier                                        ; 1.0                            ; 1.0                            ;
; Router Effort Multiplier                                           ; 1.0                            ; 1.0                            ;
; Always Enable Input Buffers                                        ; Off                            ; Off                            ;
; Optimize Hold Timing                                               ; IO Paths and Minimum TPD Paths ; IO Paths and Minimum TPD Paths ;
; Optimize Fast-Corner Timing                                        ; Off                            ; Off                            ;
; Equivalent RAM and MLAB Paused Read Capabilities                   ; Care                           ; Care                           ;
; Guarantee I/O Paths Have Zero Hold Time at Fast Corner             ; On                             ; On                             ;
; PowerPlay Power Optimization                                       ; Normal compilation             ; Normal compilation             ;
; Optimize Timing                                                    ; Normal compilation             ; Normal compilation             ;
; Optimize IOC Register Placement for Timing                         ; On                             ; On                             ;
; Limit to One Fitting Attempt                                       ; Off                            ; Off                            ;
; Final Placement Optimizations                                      ; Automatically                  ; Automatically                  ;
; Fitter Aggressive Routability Optimizations                        ; Automatically                  ; Automatically                  ;
; Fitter Initial Placement Seed                                      ; 1                              ; 1                              ;
; Slow Slew Rate                                                     ; Off                            ; Off                            ;
; PCI I/O                                                            ; Off                            ; Off                            ;
; Weak Pull-Up Resistor                                              ; Off                            ; Off                            ;
; Enable Bus-Hold Circuitry                                          ; Off                            ; Off                            ;
; Auto Delay Chains                                                  ; On                             ; On                             ;
; Perform Physical Synthesis for Combinational Logic for Performance ; Off                            ; Off                            ;
; Perform Register Duplication for Performance                       ; Off                            ; Off                            ;
; Perform Register Retiming for Performance                          ; Off                            ; Off                            ;
; Perform Asynchronous Signal Pipelining                             ; Off                            ; Off                            ;
; Fitter Effort                                                      ; Auto Fit                       ; Auto Fit                       ;
; Physical Synthesis Effort Level                                    ; Normal                         ; Normal                         ;
; Logic Cell Insertion - Logic Duplication                           ; Auto                           ; Auto                           ;
; Auto Register Duplication                                          ; Auto                           ; Auto                           ;
; Auto Global Clock                                                  ; On                             ; On                             ;
; Auto Global Register Control Signals                               ; On                             ; On                             ;
; Stop After Congestion Map Generation                               ; Off                            ; Off                            ;
; Save Intermediate Fitting Results                                  ; Off                            ; Off                            ;
+--------------------------------------------------------------------+--------------------------------+--------------------------------+


+--------------+
; Pin-Out File ;
+--------------+
The pin-out file can be found in D:/Altera/MAXIIZ update/Design example/AN485/quartus/SPI_Master.pin.


+-----------------------------------------------------------------+
; Fitter Resource Usage Summary                                   ;
+---------------------------------------------+-------------------+
; Resource                                    ; Usage             ;
+---------------------------------------------+-------------------+
; Total logic elements                        ; 68 / 240 ( 28 % ) ;
;     -- Combinational with no register       ; 11                ;
;     -- Register only                        ; 25                ;
;     -- Combinational with a register        ; 32                ;
;                                             ;                   ;
; Logic element usage by number of LUT inputs ;                   ;
;     -- 4 input functions                    ; 17                ;
;     -- 3 input functions                    ; 7                 ;
;     -- 2 input functions                    ; 15                ;
;     -- 1 input functions                    ; 21                ;
;     -- 0 input functions                    ; 8                 ;
;                                             ;                   ;
; Logic elements by mode                      ;                   ;
;     -- normal mode                          ; 62                ;
;     -- arithmetic mode                      ; 6                 ;
;     -- qfbk mode                            ; 9                 ;
;     -- register cascade mode                ; 0                 ;
;     -- synchronous clear/load mode          ; 17                ;
;     -- asynchronous clear/load mode         ; 14                ;
;                                             ;                   ;
; Total registers                             ; 57 / 240 ( 24 % ) ;
; Total LABs                                  ; 11 / 24 ( 46 % )  ;
; Logic elements in carry chains              ; 7                 ;
; User inserted logic elements                ; 0                 ;
; Virtual pins                                ; 0                 ;
; I/O pins                                    ; 25 / 80 ( 31 % )  ;
;     -- Clock pins                           ; 2                 ;
; Global signals                              ; 4                 ;
; UFM blocks                                  ; 0 / 1 ( 0 % )     ;
; Global clocks                               ; 4 / 4 ( 100 % )   ;
; Average interconnect usage                  ; 9%                ;
; Peak interconnect usage                     ; 9%                ;
; Maximum fan-out node                        ; pro_clk           ;
; Maximum fan-out                             ; 34                ;
; Highest non-global fan-out signal           ; spi_word_send     ;
; Highest non-global fan-out                  ; 20                ;
; Total fan-out                               ; 288               ;
; Average fan-out                             ; 3.10              ;
+---------------------------------------------+-------------------+


+----------------------------------------------------------------------------------------------------------------------------------------------------------------------------------------------------------------+
; Input Pins                                                                                                                                                                                                     ;
+---------+-------+----------+--------------+--------------+-------------+-----------------------+--------------------+--------+-----------------+----------+--------------+--------------+----------------------+
; Name    ; Pin # ; I/O Bank ; X coordinate ; Y coordinate ; Cell number ; Combinational Fan-Out ; Registered Fan-Out ; Global ; PCI I/O Enabled ; Bus Hold ; Weak Pull Up ; I/O Standard ; Location assigned by ;
+---------+-------+----------+--------------+--------------+-------------+-----------------------+--------------------+--------+-----------------+----------+--------------+--------------+----------------------+
; CS      ; 17    ; 1        ; 1            ; 2            ; 3           ; 3                     ; 0                  ; no     ; no              ; no       ; Off          ; 3.3-V LVTTL  ; Fitter               ;
; RD      ; 20    ; 1        ; 1            ; 1            ; 2           ; 9                     ; 0                  ; no     ; no              ; no       ; Off          ; 3.3-V LVTTL  ; Fitter               ;
; WR      ; 16    ; 1        ; 1            ; 2            ; 2           ; 2                     ; 0                  ; no     ; no              ; no       ; Off          ; 3.3-V LVTTL  ; Fitter               ;
; addr[0] ; 15    ; 1        ; 1            ; 2            ; 1           ; 3                     ; 0                  ; no     ; no              ; no       ; Off          ; 3.3-V LVTTL  ; Fitter               ;
; addr[1] ; 98    ; 2        ; 2            ; 5            ; 0           ; 10                    ; 0                  ; no     ; no              ; no       ; Off          ; 3.3-V LVTTL  ; Fitter               ;
; miso    ; 92    ; 2        ; 3            ; 5            ; 0           ; 1                     ; 0                  ; no     ; no              ; no       ; Off          ; 3.3-V LVTTL  ; Fitter               ;
; pro_clk ; 14    ; 1        ; 1            ; 2            ; 0           ; 34                    ; 0                  ; yes    ; no              ; no       ; Off          ; 3.3-V LVTTL  ; Fitter               ;
+---------+-------+----------+--------------+--------------+-------------+-----------------------+--------------------+--------+-----------------+----------+--------------+--------------+----------------------+


+----------------------------------------------------------------------------------------------------------------------------------------------------------------------------------------------------------------------------------------------------------------------------+
; Output Pins                                                                                                                                                                                                                                                                ;
+-------+-------+----------+--------------+--------------+-------------+-----------------+----------------+-----------------+------------+---------------+----------+--------------+--------------+------------------+------------------------+----------------------+-------+
; Name  ; Pin # ; I/O Bank ; X coordinate ; Y coordinate ; Cell number ; Output Register ; Slow Slew Rate ; PCI I/O Enabled ; Open Drain ; TRI Primitive ; Bus Hold ; Weak Pull Up ; I/O Standard ; Current Strength ; Fast Output Connection ; Location assigned by ; Load  ;
+-------+-------+----------+--------------+--------------+-------------+-----------------+----------------+-----------------+------------+---------------+----------+--------------+--------------+------------------+------------------------+----------------------+-------+
; mosi  ; 73    ; 2        ; 8            ; 4            ; 1           ; no              ; no             ; no              ; no         ; no            ; no       ; Off          ; 3.3-V LVTTL  ; 16mA             ; yes                    ; Fitter               ; 10 pF ;
; sclk  ; 7     ; 1        ; 1            ; 3            ; 1           ; no              ; no             ; no              ; no         ; no            ; no       ; Off          ; 3.3-V LVTTL  ; 16mA             ; no                     ; Fitter               ; 10 pF ;
; ss[0] ; 95    ; 2        ; 3            ; 5            ; 1           ; no              ; no             ; no              ; no         ; no            ; no       ; Off          ; 3.3-V LVTTL  ; 16mA             ; no                     ; Fitter               ; 10 pF ;
; ss[1] ; 35    ; 1        ; 3            ; 0            ; 0           ; no              ; no             ; no              ; no         ; no            ; no       ; Off          ; 3.3-V LVTTL  ; 16mA             ; no                     ; Fitter               ; 10 pF ;
; ss[2] ; 96    ; 2        ; 3            ; 5            ; 2           ; no              ; no             ; no              ; no         ; no            ; no       ; Off          ; 3.3-V LVTTL  ; 16mA             ; no                     ; Fitter               ; 10 pF ;
; ss[3] ; 90    ; 2        ; 4            ; 5            ; 1           ; no              ; no             ; no              ; no         ; no            ; no       ; Off          ; 3.3-V LVTTL  ; 16mA             ; yes                    ; Fitter               ; 10 pF ;
; ss[4] ; 97    ; 2        ; 3            ; 5            ; 3           ; no              ; no             ; no              ; no         ; no            ; no       ; Off          ; 3.3-V LVTTL  ; 16mA             ; no                     ; Fitter               ; 10 pF ;
; ss[5] ; 2     ; 1        ; 1            ; 4            ; 0           ; no              ; no             ; no              ; no         ; no            ; no       ; Off          ; 3.3-V LVTTL  ; 16mA             ; no                     ; Fitter               ; 10 pF ;
; ss[6] ; 89    ; 2        ; 4            ; 5            ; 0           ; no              ; no             ; no              ; no         ; no            ; no       ; Off          ; 3.3-V LVTTL  ; 16mA             ; yes                    ; Fitter               ; 10 pF ;
; ss[7] ; 91    ; 2        ; 4            ; 5            ; 2           ; no              ; no             ; no              ; no         ; no            ; no       ; Off          ; 3.3-V LVTTL  ; 16mA             ; yes                    ; Fitter               ; 10 pF ;
+-------+-------+----------+--------------+--------------+-------------+-----------------+----------------+-----------------+------------+---------------+----------+--------------+--------------+------------------+------------------------+----------------------+-------+


+------------------------------------------------------------------------------------------------------------------------------------------------------------------------------------------------------------------------------------------------------------------------------------------------------------------------+
; Bidir Pins                                                                                                                                                                                                                                                                                                             ;
+-------------+-------+----------+--------------+--------------+-------------+-----------------------+--------------------+--------+-----------------+----------------+-----------------+------------+----------+--------------+--------------+------------------+------------------------+----------------------+-------+
; Name        ; Pin # ; I/O Bank ; X coordinate ; Y coordinate ; Cell number ; Combinational Fan-Out ; Registered Fan-Out ; Global ; Output Register ; Slow Slew Rate ; PCI I/O Enabled ; Open Drain ; Bus Hold ; Weak Pull Up ; I/O Standard ; Current Strength ; Fast Output Connection ; Location assigned by ; Load  ;
+-------------+-------+----------+--------------+--------------+-------------+-----------------------+--------------------+--------+-----------------+----------------+-----------------+------------+----------+--------------+--------------+------------------+------------------------+----------------------+-------+
; data_bus[0] ; 18    ; 1        ; 1            ; 1            ; 0           ; 2                     ; 0                  ; no     ; no              ; no             ; no              ; no         ; no       ; Off          ; 3.3-V LVTTL  ; 16mA             ; no                     ; Fitter               ; 10 pF ;
; data_bus[1] ; 27    ; 1        ; 2            ; 0            ; 2           ; 2                     ; 0                  ; no     ; no              ; no             ; no              ; no         ; no       ; Off          ; 3.3-V LVTTL  ; 16mA             ; no                     ; Fitter               ; 10 pF ;
; data_bus[2] ; 21    ; 1        ; 1            ; 1            ; 3           ; 2                     ; 0                  ; no     ; no              ; no             ; no              ; no         ; no       ; Off          ; 3.3-V LVTTL  ; 16mA             ; no                     ; Fitter               ; 10 pF ;
; data_bus[3] ; 6     ; 1        ; 1            ; 3            ; 0           ; 2                     ; 0                  ; no     ; no              ; no             ; no              ; no         ; no       ; Off          ; 3.3-V LVTTL  ; 16mA             ; no                     ; Fitter               ; 10 pF ;
; data_bus[4] ; 29    ; 1        ; 2            ; 0            ; 0           ; 2                     ; 0                  ; no     ; no              ; no             ; no              ; no         ; no       ; Off          ; 3.3-V LVTTL  ; 16mA             ; no                     ; Fitter               ; 10 pF ;
; data_bus[5] ; 12    ; 1        ; 1            ; 3            ; 3           ; 2                     ; 0                  ; no     ; no              ; no             ; no              ; no         ; no       ; Off          ; 3.3-V LVTTL  ; 16mA             ; no                     ; Fitter               ; 10 pF ;
; data_bus[6] ; 26    ; 1        ; 2            ; 0            ; 3           ; 2                     ; 0                  ; no     ; no              ; no             ; no              ; no         ; no       ; Off          ; 3.3-V LVTTL  ; 16mA             ; no                     ; Fitter               ; 10 pF ;
; data_bus[7] ; 19    ; 1        ; 1            ; 1            ; 1           ; 2                     ; 0                  ; no     ; no              ; no             ; no              ; no         ; no       ; Off          ; 3.3-V LVTTL  ; 16mA             ; no                     ; Fitter               ; 10 pF ;
+-------------+-------+----------+--------------+--------------+-------------+-----------------------+--------------------+--------+-----------------+----------------+-----------------+------------+----------+--------------+--------------+------------------+------------------------+----------------------+-------+


+------------------------------------------------------------+
; I/O Bank Usage                                             ;
+----------+------------------+---------------+--------------+
; I/O Bank ; Usage            ; VCCIO Voltage ; VREF Voltage ;
+----------+------------------+---------------+--------------+
; 1        ; 16 / 38 ( 42 % ) ; 3.3V          ; --           ;
; 2        ; 9 / 42 ( 21 % )  ; 3.3V          ; --           ;
+----------+------------------+---------------+--------------+


+----------------------------------------------------------------------------------------------------------------------------------------------+
; All Package Pins                                                                                                                             ;
+----------+------------+----------+----------------+--------+--------------+---------+------------+-----------------+----------+--------------+
; Location ; Pad Number ; I/O Bank ; Pin Name/Usage ; Dir.   ; I/O Standard ; Voltage ; I/O Type   ; User Assignment ; Bus Hold ; Weak Pull Up ;
+----------+------------+----------+----------------+--------+--------------+---------+------------+-----------------+----------+--------------+
; 1        ; 83         ; 2        ; RESERVED_INPUT ;        ;              ;         ; Column I/O ;                 ; no       ; Off          ;
; 2        ; 0          ; 1        ; ss[5]          ; output ; 3.3-V LVTTL  ;         ; Row I/O    ; N               ; no       ; Off          ;
; 3        ; 1          ; 1        ; RESERVED_INPUT ;        ;              ;         ; Row I/O    ;                 ; no       ; Off          ;
; 4        ; 2          ; 1        ; RESERVED_INPUT ;        ;              ;         ; Row I/O    ;                 ; no       ; Off          ;
; 5        ; 3          ; 1        ; RESERVED_INPUT ;        ;              ;         ; Row I/O    ;                 ; no       ; Off          ;
; 6        ; 4          ; 1        ; data_bus[3]    ; bidir  ; 3.3-V LVTTL  ;         ; Row I/O    ; N               ; no       ; Off          ;
; 7        ; 5          ; 1        ; sclk           ; output ; 3.3-V LVTTL  ;         ; Row I/O    ; N               ; no       ; Off          ;
; 8        ; 6          ; 1        ; RESERVED_INPUT ;        ;              ;         ; Row I/O    ;                 ; no       ; Off          ;
; 9        ;            ; 1        ; VCCIO1         ; power  ;              ; 3.3V    ; --         ;                 ; --       ; --           ;
; 10       ;            ;          ; GNDIO          ; gnd    ;              ;         ; --         ;                 ; --       ; --           ;
; 11       ;            ;          ; GNDINT         ; gnd    ;              ;         ; --         ;                 ; --       ; --           ;
; 12       ; 7          ; 1        ; data_bus[5]    ; bidir  ; 3.3-V LVTTL  ;         ; Row I/O    ; N               ; no       ; Off          ;
; 13       ;            ;          ; VCCINT         ; power  ;              ; 1.8V    ; --         ;                 ; --       ; --           ;
; 14       ; 8          ; 1        ; pro_clk        ; input  ; 3.3-V LVTTL  ;         ; Row I/O    ; N               ; no       ; Off          ;
; 15       ; 9          ; 1        ; addr[0]        ; input  ; 3.3-V LVTTL  ;         ; Row I/O    ; N               ; no       ; Off          ;
; 16       ; 10         ; 1        ; WR             ; input  ; 3.3-V LVTTL  ;         ; Row I/O    ; N               ; no       ; Off          ;
; 17       ; 11         ; 1        ; CS             ; input  ; 3.3-V LVTTL  ;         ; Row I/O    ; N               ; no       ; Off          ;
; 18       ; 12         ; 1        ; data_bus[0]    ; bidir  ; 3.3-V LVTTL  ;         ; Row I/O    ; N               ; no       ; Off          ;
; 19       ; 13         ; 1        ; data_bus[7]    ; bidir  ; 3.3-V LVTTL  ;         ; Row I/O    ; N               ; no       ; Off          ;
; 20       ; 14         ; 1        ; RD             ; input  ; 3.3-V LVTTL  ;         ; Row I/O    ; N               ; no       ; Off          ;
; 21       ; 15         ; 1        ; data_bus[2]    ; bidir  ; 3.3-V LVTTL  ;         ; Row I/O    ; N               ; no       ; Off          ;
; 22       ; 16         ; 1        ; #TMS           ; input  ;              ;         ; --         ;                 ; --       ; --           ;
; 23       ; 17         ; 1        ; #TDI           ; input  ;              ;         ; --         ;                 ; --       ; --           ;
; 24       ; 18         ; 1        ; #TCK           ; input  ;              ;         ; --         ;                 ; --       ; --           ;
; 25       ; 19         ; 1        ; #TDO           ; output ;              ;         ; --         ;                 ; --       ; --           ;
; 26       ; 20         ; 1        ; data_bus[6]    ; bidir  ; 3.3-V LVTTL  ;         ; Column I/O ; N               ; no       ; Off          ;
; 27       ; 21         ; 1        ; data_bus[1]    ; bidir  ; 3.3-V LVTTL  ;         ; Column I/O ; N               ; no       ; Off          ;
; 28       ; 22         ; 1        ; RESERVED_INPUT ;        ;              ;         ; Column I/O ;                 ; no       ; Off          ;
; 29       ; 23         ; 1        ; data_bus[4]    ; bidir  ; 3.3-V LVTTL  ;         ; Column I/O ; N               ; no       ; Off          ;
; 30       ; 24         ; 1        ; RESERVED_INPUT ;        ;              ;         ; Column I/O ;                 ; no       ; Off          ;
; 31       ;            ; 1        ; VCCIO1         ; power  ;              ; 3.3V    ; --         ;                 ; --       ; --           ;
; 32       ;            ;          ; GNDIO          ; gnd    ;              ;         ; --         ;                 ; --       ; --           ;
; 33       ; 25         ; 1        ; RESERVED_INPUT ;        ;              ;         ; Column I/O ;                 ; no       ; Off          ;
; 34       ; 26         ; 1        ; RESERVED_INPUT ;        ;              ;         ; Column I/O ;                 ; no       ; Off          ;
; 35       ; 27         ; 1        ; ss[1]          ; output ; 3.3-V LVTTL  ;         ; Column I/O ; N               ; no       ; Off          ;
; 36       ; 28         ; 1        ; RESERVED_INPUT ;        ;              ;         ; Column I/O ;                 ; no       ; Off          ;
; 37       ; 29         ; 1        ; RESERVED_INPUT ;        ;              ;         ; Column I/O ;                 ; no       ; Off          ;
; 38       ; 30         ; 1        ; RESERVED_INPUT ;        ;              ;         ; Column I/O ;                 ; no       ; Off          ;
; 39       ; 31         ; 1        ; RESERVED_INPUT ;        ;              ;         ; Column I/O ;                 ; no       ; Off          ;
; 40       ; 32         ; 1        ; RESERVED_INPUT ;        ;              ;         ; Column I/O ;                 ; no       ; Off          ;
; 41       ; 33         ; 1        ; RESERVED_INPUT ;        ;              ;         ; Column I/O ;                 ; no       ; Off          ;
; 42       ; 34         ; 1        ; RESERVED_INPUT ;        ;              ;         ; Column I/O ;                 ; no       ; Off          ;
; 43       ; 35         ; 1        ; RESERVED_INPUT ;        ;              ;         ; Column I/O ;                 ; no       ; Off          ;
; 44       ; 36         ; 1        ; RESERVED_INPUT ;        ;              ;         ; Column I/O ;                 ; no       ; Off          ;
; 45       ;            ; 1        ; VCCIO1         ; power  ;              ; 3.3V    ; --         ;                 ; --       ; --           ;
; 46       ;            ;          ; GNDIO          ; gnd    ;              ;         ; --         ;                 ; --       ; --           ;
; 47       ; 37         ; 1        ; RESERVED_INPUT ;        ;              ;         ; Column I/O ;                 ; no       ; Off          ;
; 48       ; 38         ; 1        ; RESERVED_INPUT ;        ;              ;         ; Column I/O ;                 ; no       ; Off          ;
; 49       ; 39         ; 1        ; RESERVED_INPUT ;        ;              ;         ; Column I/O ;                 ; no       ; Off          ;
; 50       ; 40         ; 1        ; RESERVED_INPUT ;        ;              ;         ; Column I/O ;                 ; no       ; Off          ;
; 51       ; 41         ; 1        ; RESERVED_INPUT ;        ;              ;         ; Column I/O ;                 ; no       ; Off          ;
; 52       ; 42         ; 2        ; RESERVED_INPUT ;        ;              ;         ; Row I/O    ;                 ; no       ; Off          ;
; 53       ; 43         ; 2        ; RESERVED_INPUT ;        ;              ;         ; Row I/O    ;                 ; no       ; Off          ;
; 54       ; 44         ; 2        ; RESERVED_INPUT ;        ;              ;         ; Row I/O    ;                 ; no       ; Off          ;
; 55       ; 45         ; 2        ; RESERVED_INPUT ;        ;              ;         ; Row I/O    ;                 ; no       ; Off          ;
; 56       ; 46         ; 2        ; RESERVED_INPUT ;        ;              ;         ; Row I/O    ;                 ; no       ; Off          ;
; 57       ; 47         ; 2        ; RESERVED_INPUT ;        ;              ;         ; Row I/O    ;                 ; no       ; Off          ;
; 58       ; 48         ; 2        ; RESERVED_INPUT ;        ;              ;         ; Row I/O    ;                 ; no       ; Off          ;
; 59       ;            ; 2        ; VCCIO2         ; power  ;              ; 3.3V    ; --         ;                 ; --       ; --           ;
; 60       ;            ;          ; GNDIO          ; gnd    ;              ;         ; --         ;                 ; --       ; --           ;
; 61       ; 49         ; 2        ; RESERVED_INPUT ;        ;              ;         ; Row I/O    ;                 ; no       ; Off          ;
; 62       ; 50         ; 2        ; RESERVED_INPUT ;        ;              ;         ; Row I/O    ;                 ; no       ; Off          ;
; 63       ;            ;          ; VCCINT         ; power  ;              ; 1.8V    ; --         ;                 ; --       ; --           ;
; 64       ; 51         ; 2        ; RESERVED_INPUT ;        ;              ;         ; Row I/O    ;                 ; no       ; Off          ;
; 65       ;            ;          ; GNDINT         ; gnd    ;              ;         ; --         ;                 ; --       ; --           ;
; 66       ; 52         ; 2        ; RESERVED_INPUT ;        ;              ;         ; Row I/O    ;                 ; no       ; Off          ;
; 67       ; 53         ; 2        ; RESERVED_INPUT ;        ;              ;         ; Row I/O    ;                 ; no       ; Off          ;
; 68       ; 54         ; 2        ; RESERVED_INPUT ;        ;              ;         ; Row I/O    ;                 ; no       ; Off          ;
; 69       ; 55         ; 2        ; RESERVED_INPUT ;        ;              ;         ; Row I/O    ;                 ; no       ; Off          ;
; 70       ; 56         ; 2        ; RESERVED_INPUT ;        ;              ;         ; Row I/O    ;                 ; no       ; Off          ;
; 71       ; 57         ; 2        ; RESERVED_INPUT ;        ;              ;         ; Row I/O    ;                 ; no       ; Off          ;
; 72       ; 58         ; 2        ; RESERVED_INPUT ;        ;              ;         ; Row I/O    ;                 ; no       ; Off          ;
; 73       ; 59         ; 2        ; mosi           ; output ; 3.3-V LVTTL  ;         ; Row I/O    ; N               ; no       ; Off          ;
; 74       ; 60         ; 2        ; RESERVED_INPUT ;        ;              ;         ; Row I/O    ;                 ; no       ; Off          ;
; 75       ; 61         ; 2        ; RESERVED_INPUT ;        ;              ;         ; Column I/O ;                 ; no       ; Off          ;
; 76       ; 62         ; 2        ; RESERVED_INPUT ;        ;              ;         ; Column I/O ;                 ; no       ; Off          ;
; 77       ; 63         ; 2        ; RESERVED_INPUT ;        ;              ;         ; Column I/O ;                 ; no       ; Off          ;
; 78       ; 64         ; 2        ; RESERVED_INPUT ;        ;              ;         ; Column I/O ;                 ; no       ; Off          ;
; 79       ;            ;          ; GNDIO          ; gnd    ;              ;         ; --         ;                 ; --       ; --           ;
; 80       ;            ; 2        ; VCCIO2         ; power  ;              ; 3.3V    ; --         ;                 ; --       ; --           ;
; 81       ; 65         ; 2        ; RESERVED_INPUT ;        ;              ;         ; Column I/O ;                 ; no       ; Off          ;
; 82       ; 66         ; 2        ; RESERVED_INPUT ;        ;              ;         ; Column I/O ;                 ; no       ; Off          ;
; 83       ; 67         ; 2        ; RESERVED_INPUT ;        ;              ;         ; Column I/O ;                 ; no       ; Off          ;
; 84       ; 68         ; 2        ; RESERVED_INPUT ;        ;              ;         ; Column I/O ;                 ; no       ; Off          ;
; 85       ; 69         ; 2        ; RESERVED_INPUT ;        ;              ;         ; Column I/O ;                 ; no       ; Off          ;
; 86       ; 70         ; 2        ; RESERVED_INPUT ;        ;              ;         ; Column I/O ;                 ; no       ; Off          ;
; 87       ; 71         ; 2        ; RESERVED_INPUT ;        ;              ;         ; Column I/O ;                 ; no       ; Off          ;
; 88       ; 72         ; 2        ; RESERVED_INPUT ;        ;              ;         ; Column I/O ;                 ; no       ; Off          ;
; 89       ; 73         ; 2        ; ss[6]          ; output ; 3.3-V LVTTL  ;         ; Column I/O ; N               ; no       ; Off          ;
; 90       ; 74         ; 2        ; ss[3]          ; output ; 3.3-V LVTTL  ;         ; Column I/O ; N               ; no       ; Off          ;
; 91       ; 75         ; 2        ; ss[7]          ; output ; 3.3-V LVTTL  ;         ; Column I/O ; N               ; no       ; Off          ;
; 92       ; 76         ; 2        ; miso           ; input  ; 3.3-V LVTTL  ;         ; Column I/O ; N               ; no       ; Off          ;
; 93       ;            ;          ; GNDIO          ; gnd    ;              ;         ; --         ;                 ; --       ; --           ;
; 94       ;            ; 2        ; VCCIO2         ; power  ;              ; 3.3V    ; --         ;                 ; --       ; --           ;
; 95       ; 77         ; 2        ; ss[0]          ; output ; 3.3-V LVTTL  ;         ; Column I/O ; N               ; no       ; Off          ;
; 96       ; 78         ; 2        ; ss[2]          ; output ; 3.3-V LVTTL  ;         ; Column I/O ; N               ; no       ; Off          ;
; 97       ; 79         ; 2        ; ss[4]          ; output ; 3.3-V LVTTL  ;         ; Column I/O ; N               ; no       ; Off          ;
; 98       ; 80         ; 2        ; addr[1]        ; input  ; 3.3-V LVTTL  ;         ; Column I/O ; N               ; no       ; Off          ;
; 99       ; 81         ; 2        ; RESERVED_INPUT ;        ;              ;         ; Column I/O ;                 ; no       ; Off          ;
; 100      ; 82         ; 2        ; RESERVED_INPUT ;        ;              ;         ; Column I/O ;                 ; no       ; Off          ;
+----------+------------+----------+----------------+--------+--------------+---------+------------+-----------------+----------+--------------+
Note: Pin directions (input, output or bidir) are based on device operating in user mode.


+-------------------------------------------------------------+
; Output Pin Default Load For Reported TCO                    ;
+----------------------------+-------+------------------------+
; I/O Standard               ; Load  ; Termination Resistance ;
+----------------------------+-------+------------------------+
; 3.3-V LVTTL                ; 10 pF ; Not Available          ;
; 3.3-V LVCMOS               ; 10 pF ; Not Available          ;
; 2.5 V                      ; 10 pF ; Not Available          ;
; 1.8 V                      ; 10 pF ; Not Available          ;
; 1.5 V                      ; 10 pF ; Not Available          ;
; 3.3V Schmitt Trigger Input ; 10 pF ; Not Available          ;
; 2.5V Schmitt Trigger Input ; 10 pF ; Not Available          ;
+----------------------------+-------+------------------------+
Note: User assignments will override these defaults. The user specified values are listed in the Output Pins and Bidir Pins tables.


+----------------------------------------------------------------------------------------------------------------------------------------------------------------------------------------------------------------------+
; Fitter Resource Utilization by Entity                                                                                                                                                                                ;
+----------------------------+-------------+--------------+------------+------+--------------+--------------+-------------------+------------------+-----------------+------------+---------------------+--------------+
; Compilation Hierarchy Node ; Logic Cells ; LC Registers ; UFM Blocks ; Pins ; Virtual Pins ; LUT-Only LCs ; Register-Only LCs ; LUT/Register LCs ; Carry Chain LCs ; Packed LCs ; Full Hierarchy Name ; Library Name ;
+----------------------------+-------------+--------------+------------+------+--------------+--------------+-------------------+------------------+-----------------+------------+---------------------+--------------+
; |SPI_Master                ; 68 (68)     ; 57           ; 0          ; 25   ; 0            ; 11 (11)      ; 25 (25)           ; 32 (32)          ; 7 (7)           ; 9 (9)      ; |SPI_Master         ; work         ;
+----------------------------+-------------+--------------+------------+------+--------------+--------------+-------------------+------------------+-----------------+------------+---------------------+--------------+
Note: For table entries with two numbers listed, the numbers in parentheses indicate the number of resources of the given type used by the specific entity alone. The numbers listed outside of parentheses indicate the total resources of the given type used by the specific entity and all of its sub-entities in the hierarchy.


+----------------------------------------+
; Delay Chain Summary                    ;
+-------------+----------+---------------+
; Name        ; Pin Type ; Pad to Core 0 ;
+-------------+----------+---------------+
; pro_clk     ; Input    ; 0             ;
; CS          ; Input    ; 0             ;
; WR          ; Input    ; 0             ;
; addr[1]     ; Input    ; 0             ;
; addr[0]     ; Input    ; 0             ;
; RD          ; Input    ; 0             ;
; miso        ; Input    ; 1             ;
; mosi        ; Output   ; --            ;
; sclk        ; Output   ; --            ;
; ss[0]       ; Output   ; --            ;
; ss[1]       ; Output   ; --            ;
; ss[2]       ; Output   ; --            ;
; ss[3]       ; Output   ; --            ;
; ss[4]       ; Output   ; --            ;
; ss[5]       ; Output   ; --            ;
; ss[6]       ; Output   ; --            ;
; ss[7]       ; Output   ; --            ;
; data_bus[0] ; Bidir    ; 0             ;
; data_bus[1] ; Bidir    ; 0             ;
; data_bus[2] ; Bidir    ; 0             ;
; data_bus[3] ; Bidir    ; 1             ;
; data_bus[4] ; Bidir    ; 0             ;
; data_bus[5] ; Bidir    ; 1             ;
; data_bus[6] ; Bidir    ; 0             ;
; data_bus[7] ; Bidir    ; 0             ;
+-------------+----------+---------------+


+--------------------------------------------------------------------------------------------------------------------------------------+
; Control Signals                                                                                                                      ;
+-----------------+-------------+---------+-----------------------------------------+--------+----------------------+------------------+
; Name            ; Location    ; Fan-Out ; Usage                                   ; Global ; Global Resource Used ; Global Line Name ;
+-----------------+-------------+---------+-----------------------------------------+--------+----------------------+------------------+
; Decoder0~43     ; LC_X2_Y2_N5 ; 8       ; Clock enable                            ; no     ; --                   ; --               ;
; Mux0            ; LC_X4_Y2_N2 ; 1       ; Clock                                   ; no     ; --                   ; --               ;
; RD              ; PIN_20      ; 9       ; Output enable                           ; no     ; --                   ; --               ;
; always2~1       ; LC_X3_Y3_N3 ; 9       ; Clock                                   ; yes    ; Global Clock         ; GCLK2            ;
; always5~2       ; LC_X2_Y3_N2 ; 8       ; Clock enable                            ; no     ; --                   ; --               ;
; data_out[0]~631 ; LC_X2_Y2_N4 ; 8       ; Clock enable                            ; no     ; --                   ; --               ;
; pro_clk         ; PIN_14      ; 34      ; Clock                                   ; yes    ; Global Clock         ; GCLK1            ;
; sclk~reg0       ; LC_X4_Y3_N2 ; 8       ; Clock                                   ; yes    ; Global Clock         ; GCLK0            ;
; slave_cs        ; LC_X2_Y3_N7 ; 23      ; Async. clear, Clock, Sync. load         ; yes    ; Global Clock         ; GCLK3            ;
; spi_word_send   ; LC_X2_Y3_N2 ; 20      ; Async. clear, Async. load, Clock enable ; no     ; --                   ; --               ;
+-----------------+-------------+---------+-----------------------------------------+--------+----------------------+------------------+


+-----------------------------------------------------------------------------+
; Global & Other Fast Signals                                                 ;
+-----------+-------------+---------+----------------------+------------------+
; Name      ; Location    ; Fan-Out ; Global Resource Used ; Global Line Name ;
+-----------+-------------+---------+----------------------+------------------+
; always2~1 ; LC_X3_Y3_N3 ; 9       ; Global Clock         ; GCLK2            ;
; pro_clk   ; PIN_14      ; 34      ; Global Clock         ; GCLK1            ;
; sclk~reg0 ; LC_X4_Y3_N2 ; 8       ; Global Clock         ; GCLK0            ;
; slave_cs  ; LC_X2_Y3_N7 ; 23      ; Global Clock         ; GCLK3            ;
+-----------+-------------+---------+----------------------+------------------+


+---------------------------------+
; Non-Global High Fan-Out Signals ;
+--------------------+------------+
; Name               ; Fan-Out    ;
+--------------------+------------+
; spi_word_send      ; 20         ;
; addr[1]            ; 10         ;
; RD                 ; 9          ;
; data_out[0]~631    ; 8          ;
; always5~2          ; 8          ;
; Decoder0~43        ; 8          ;
; control[6]         ; 7          ;
; control[5]         ; 7          ;
; control[7]         ; 7          ;
; count[0]           ; 5          ;
; count[1]           ; 4          ;
; addr[0]            ; 3          ;
; CS                 ; 3          ;
; control[1]         ; 3          ;
; clk_divide[4]~44   ; 3          ;
; clk_divide[0]      ; 3          ;
; count[2]           ; 3          ;
; data_bus[7]~0      ; 2          ;
; data_bus[6]~1      ; 2          ;
; data_bus[5]~2      ; 2          ;
; data_bus[4]~3      ; 2          ;
; data_bus[3]~4      ; 2          ;
; data_bus[2]~5      ; 2          ;
; data_bus[1]~6      ; 2          ;
; data_bus[0]~7      ; 2          ;
; WR                 ; 2          ;
; shift_register[3]  ; 2          ;
; shift_register[2]  ; 2          ;
; shift_register[1]  ; 2          ;
; shift_register[0]  ; 2          ;
; shift_register[4]  ; 2          ;
; shift_register[5]  ; 2          ;
; data_out[0]        ; 2          ;
; clk_divide[7]      ; 2          ;
; clk_divide[6]      ; 2          ;
; clk_divide[5]      ; 2          ;
; clk_divide[4]      ; 2          ;
; clk_divide[3]      ; 2          ;
; clk_divide[2]      ; 2          ;
; clk_divide[1]      ; 2          ;
; shift_register[6]  ; 2          ;
; control[3]         ; 2          ;
; count[3]           ; 2          ;
; txdata[7]          ; 2          ;
; shift_register[7]  ; 2          ;
; sclk~reg0_wirecell ; 1          ;
; miso               ; 1          ;
; Mux0~56            ; 1          ;
; Mux0~55            ; 1          ;
; Mux0~54            ; 1          ;
+--------------------+------------+


+-------------------------------------------------+
; Interconnect Usage Summary                      ;
+----------------------------+--------------------+
; Interconnect Resource Type ; Usage              ;
+----------------------------+--------------------+
; C4s                        ; 60 / 784 ( 8 % )   ;
; Direct links               ; 16 / 888 ( 2 % )   ;
; Global clocks              ; 4 / 4 ( 100 % )    ;
; LAB clocks                 ; 11 / 32 ( 34 % )   ;
; LUT chains                 ; 2 / 216 ( < 1 % )  ;
; Local interconnects        ; 104 / 888 ( 12 % ) ;
; R4s                        ; 64 / 704 ( 9 % )   ;
+----------------------------+--------------------+


+---------------------------------------------------------------------------+
; LAB Logic Elements                                                        ;
+--------------------------------------------+------------------------------+
; Number of Logic Elements  (Average = 6.18) ; Number of LABs  (Total = 11) ;
+--------------------------------------------+------------------------------+
; 1                                          ; 1                            ;
; 2                                          ; 3                            ;
; 3                                          ; 0                            ;
; 4                                          ; 0                            ;
; 5                                          ; 1                            ;
; 6                                          ; 1                            ;
; 7                                          ; 0                            ;
; 8                                          ; 0                            ;
; 9                                          ; 0                            ;
; 10                                         ; 5                            ;
+--------------------------------------------+------------------------------+


+-------------------------------------------------------------------+
; LAB-wide Signals                                                  ;
+------------------------------------+------------------------------+
; LAB-wide Signals  (Average = 1.55) ; Number of LABs  (Total = 11) ;
+------------------------------------+------------------------------+
; 1 Async. load                      ; 3                            ;
; 1 Clock                            ; 6                            ;
; 1 Clock enable                     ; 3                            ;
; 1 Sync. load                       ; 1                            ;
; 2 Clocks                           ; 4                            ;
+------------------------------------+------------------------------+


+----------------------------------------------------------------------------+
; LAB Signals Sourced                                                        ;
+---------------------------------------------+------------------------------+
; Number of Signals Sourced  (Average = 6.82) ; Number of LABs  (Total = 11) ;
+---------------------------------------------+------------------------------+
; 0                                           ; 0                            ;
; 1                                           ; 1                            ;
; 2                                           ; 3                            ;
; 3                                           ; 0                            ;
; 4                                           ; 0                            ;
; 5                                           ; 1                            ;
; 6                                           ; 1                            ;
; 7                                           ; 0                            ;
; 8                                           ; 0                            ;
; 9                                           ; 0                            ;
; 10                                          ; 2                            ;
; 11                                          ; 1                            ;
; 12                                          ; 1                            ;
; 13                                          ; 0                            ;
; 14                                          ; 1                            ;
+---------------------------------------------+------------------------------+


+--------------------------------------------------------------------------------+
; LAB Signals Sourced Out                                                        ;
+-------------------------------------------------+------------------------------+
; Number of Signals Sourced Out  (Average = 5.00) ; Number of LABs  (Total = 11) ;
+-------------------------------------------------+------------------------------+
; 0                                               ; 0                            ;
; 1                                               ; 3                            ;
; 2                                               ; 1                            ;
; 3                                               ; 0                            ;
; 4                                               ; 0                            ;
; 5                                               ; 3                            ;
; 6                                               ; 1                            ;
; 7                                               ; 0                            ;
; 8                                               ; 0                            ;
; 9                                               ; 1                            ;
; 10                                              ; 2                            ;
+-------------------------------------------------+------------------------------+


+----------------------------------------------------------------------------+
; LAB Distinct Inputs                                                        ;
+---------------------------------------------+------------------------------+
; Number of Distinct Inputs  (Average = 7.64) ; Number of LABs  (Total = 11) ;
+---------------------------------------------+------------------------------+
; 0                                           ; 0                            ;
; 1                                           ; 1                            ;
; 2                                           ; 0                            ;
; 3                                           ; 1                            ;
; 4                                           ; 1                            ;
; 5                                           ; 2                            ;
; 6                                           ; 0                            ;
; 7                                           ; 0                            ;
; 8                                           ; 1                            ;
; 9                                           ; 1                            ;
; 10                                          ; 2                            ;
; 11                                          ; 0                            ;
; 12                                          ; 0                            ;
; 13                                          ; 0                            ;
; 14                                          ; 1                            ;
; 15                                          ; 1                            ;
+---------------------------------------------+------------------------------+


+--------------------------------------------------------------------+
; Fitter Device Options                                              ;
+----------------------------------------------+---------------------+
; Option                                       ; Setting             ;
+----------------------------------------------+---------------------+
; Enable user-supplied start-up clock (CLKUSR) ; Off                 ;
; Enable device-wide reset (DEV_CLRn)          ; Off                 ;
; Enable device-wide output enable (DEV_OE)    ; Off                 ;
; Enable INIT_DONE output                      ; Off                 ;
; Configuration scheme                         ; Passive Serial      ;
; Reserve all unused pins                      ; As input tri-stated ;
; Base pin-out file on sameframe device        ; Off                 ;
+----------------------------------------------+---------------------+


+----------------------------+
; Advanced Data - General    ;
+--------------------+-------+
; Name               ; Value ;
+--------------------+-------+
; Status Code        ; 0     ;
; Desired User Slack ; 0     ;
; Fit Attempts       ; 1     ;
+--------------------+-------+


+--------------------------------------------------------------------------------------------------+
; Advanced Data - Placement Preparation                                                            ;
+--------------------------------------------------------------------------------+-----------------+
; Name                                                                           ; Value           ;
+--------------------------------------------------------------------------------+-----------------+
; Auto Fit Point 1 - Fit Attempt 1                                               ; ff              ;
; Mid Wire Use - Fit Attempt 1                                                   ; 19              ;
; Mid Slack - Fit Attempt 1                                                      ; -15414          ;
; Internal Atom Count - Fit Attempt 1                                            ; 68              ;
; LE/ALM Count - Fit Attempt 1                                                   ; 68              ;
; LAB Count - Fit Attempt 1                                                      ; 11              ;
; Outputs per Lab - Fit Attempt 1                                                ; 5.091           ;
; Inputs per LAB - Fit Attempt 1                                                 ; 7.182           ;
; Global Inputs per LAB - Fit Attempt 1                                          ; 1.364           ;
; LAB Constraint 'non-global clock / CE pair + async load' - Fit Attempt 1       ; 0:7;1:4         ;
; LAB Constraint 'ce + sync load' - Fit Attempt 1                                ; 0:3;1:8         ;
; LAB Constraint 'non-global controls' - Fit Attempt 1                           ; 0:2;1:5;2:4     ;
; LAB Constraint 'un-route combination' - Fit Attempt 1                          ; 0:2;1:6;2:3     ;
; LAB Constraint 'non-global with asyn_clear' - Fit Attempt 1                    ; 0:2;1:4;2:5     ;
; LAB Constraint 'un-route with async_clear' - Fit Attempt 1                     ; 0:2;1:5;2:4     ;
; LAB Constraint 'non-global async clear + sync clear' - Fit Attempt 1           ; 0:10;1:1        ;
; LAB Constraint 'global non-clock/non-asynch_clear' - Fit Attempt 1             ; 0:11            ;
; LAB Constraint 'ygr_cl_ngclk_gclkce_sload_aload_constraint' - Fit Attempt 1    ; 0:2;1:6;2:3     ;
; LAB Constraint 'global control signals' - Fit Attempt 1                        ; 0:2;1:4;2:4;3:1 ;
; LAB Constraint 'clock / ce pair constraint' - Fit Attempt 1                    ; 0:1;1:3;2:7     ;
; LAB Constraint 'aload_aclr pair with aload used' - Fit Attempt 1               ; 0:8;1:3         ;
; LAB Constraint 'aload_aclr pair' - Fit Attempt 1                               ; 0:1;1:6;2:4     ;
; LAB Constraint 'sload_sclear pair' - Fit Attempt 1                             ; 0:6;1:5         ;
; LAB Constraint 'invert_a constraint' - Fit Attempt 1                           ; 0:5;1:6         ;
; LAB Constraint 'has placement constraint' - Fit Attempt 1                      ; 0:11            ;
; LAB Constraint 'use of ADATA or SDATA by registers constraint' - Fit Attempt 1 ; 0:11            ;
; LEs in Chains - Fit Attempt 1                                                  ; 7               ;
; LEs in Long Chains - Fit Attempt 1                                             ; 0               ;
; LABs with Chains - Fit Attempt 1                                               ; 1               ;
; LABs with Multiple Chains - Fit Attempt 1                                      ; 0               ;
; Time - Fit Attempt 1                                                           ; 0               ;
+--------------------------------------------------------------------------------+-----------------+


+----------------------------------------------+
; Advanced Data - Placement                    ;
+-------------------------------------+--------+
; Name                                ; Value  ;
+-------------------------------------+--------+
; Auto Fit Point 2 - Fit Attempt 1    ; ff     ;
; Auto Fit Point 4 - Fit Attempt 1    ; ff     ;
; Auto Fit Point 5 - Fit Attempt 1    ; ff     ;
; Early Wire Use - Fit Attempt 1      ; 5      ;
; Early Slack - Fit Attempt 1         ; -13745 ;
; Auto Fit Point 4 - Fit Attempt 1    ; ff     ;
; Mid Wire Use - Fit Attempt 1        ; 9      ;
; Mid Slack - Fit Attempt 1           ; -14134 ;
; Auto Fit Point 5 - Fit Attempt 1    ; ff     ;
; Late Wire Use - Fit Attempt 1       ; 10     ;
; Late Slack - Fit Attempt 1          ; -14134 ;
; Peak Regional Wire - Fit Attempt 1  ; 0.000  ;
; Auto Fit Point 6 - Fit Attempt 1    ; ff     ;
; Time - Fit Attempt 1                ; 0      ;
; Time in tsm_tan.dll - Fit Attempt 1 ; 0.032  ;
+-------------------------------------+--------+


+----------------------------------------------+
; Advanced Data - Routing                      ;
+-------------------------------------+--------+
; Name                                ; Value  ;
+-------------------------------------+--------+
; Early Slack - Fit Attempt 1         ; -11869 ;
; Early Wire Use - Fit Attempt 1      ; 10     ;
; Peak Regional Wire - Fit Attempt 1  ; 9      ;
; Mid Slack - Fit Attempt 1           ; -13501 ;
; Late Slack - Fit Attempt 1          ; -13501 ;
; Late Wire Use - Fit Attempt 1       ; 11     ;
; Time - Fit Attempt 1                ; 0      ;
; Time in tsm_tan.dll - Fit Attempt 1 ; 0.109  ;
+-------------------------------------+--------+


+----------------------------------------------------------------+
; Fitter INI Usage                                               ;
+----------------------+-----------------------------------------+
; Option               ; Usage                                   ;
+----------------------+-----------------------------------------+
; Initialization file: ; c:/altera/72_cc/quartus/bin/quartus.ini ;
; debug_msg            ; OFF                                     ;
+----------------------+-----------------------------------------+


+-----------------+
; Fitter Messages ;
+-----------------+
Info: *******************************************************************
Info: Running Quartus II Fitter
    Info: Version 7.2 Build 151 09/26/2007 SJ Full Version
    Info: Processing started: Thu Nov 22 16:41:56 2007
Info: Command: quartus_fit --read_settings_files=off --write_settings_files=off SPI_Master -c SPI_Master
Info: Selected device EPM240GT100C3 for design "SPI_Master"
Warning: The high junction temperature operating condition is not set. Assuming a default value of '85'.
Warning: The low junction temperature operating condition is not set. Assuming a default value of '0'.
Info: Fitter is performing an Auto Fit compilation, which may decrease Fitter effort to reduce compilation time
Info: Device migration not selected. If you intend to use device migration later, you may need to change the pin assignments as they may be incompatible with other devices
    Info: Device EPM570GT100C3 is compatible
Warning: No exact pin location assignment(s) for 25 pins of 25 total pins
    Info: Pin mosi not assigned to an exact location on the device
    Info: Pin sclk not assigned to an exact location on the device
    Info: Pin ss[0] not assigned to an exact location on the device
    Info: Pin ss[1] not assigned to an exact location on the device
    Info: Pin ss[2] not assigned to an exact location on the device
    Info: Pin ss[3] not assigned to an exact location on the device
    Info: Pin ss[4] not assigned to an exact location on the device
    Info: Pin ss[5] not assigned to an exact location on the device
    Info: Pin ss[6] not assigned to an exact location on the device
    Info: Pin ss[7] not assigned to an exact location on the device
    Info: Pin data_bus[0] not assigned to an exact location on the device
    Info: Pin data_bus[1] not assigned to an exact location on the device
    Info: Pin data_bus[2] not assigned to an exact location on the device
    Info: Pin data_bus[3] not assigned to an exact location on the device
    Info: Pin data_bus[4] not assigned to an exact location on the device
    Info: Pin data_bus[5] not assigned to an exact location on the device
    Info: Pin data_bus[6] not assigned to an exact location on the device
    Info: Pin data_bus[7] not assigned to an exact location on the device
    Info: Pin pro_clk not assigned to an exact location on the device
    Info: Pin CS not assigned to an exact location on the device
    Info: Pin WR not assigned to an exact location on the device
    Info: Pin addr[1] not assigned to an exact location on the device
    Info: Pin addr[0] not assigned to an exact location on the device
    Info: Pin RD not assigned to an exact location on the device
    Info: Pin miso not assigned to an exact location on the device
Info: Fitter is using the Classic Timing Analyzer
Info: Timing requirements not specified -- optimizing circuit to achieve the following default global requirements
    Info: Assuming a global fmax requirement of 1000 MHz
    Info: Assuming a global tsu requirement of 2.0 ns
    Info: Assuming a global tco requirement of 1.0 ns
    Info: Assuming a global tpd requirement of 1.0 ns
Info: Completed User Assigned Global Signals Promotion Operation
Info: Automatically promoted signal "pro_clk" to use Global clock in PIN 14
Info: Automatically promoted signal "always2~1" to use Global clock
Info: Automatically promoted some destinations of signal "slave_cs" to use Global clock
    Info: Destination "sclk~reg0" may be non-global or may not use global clock
    Info: Destination "slave_cs" may be non-global or may not use global clock
    Info: Destination "ss~19" may be non-global or may not use global clock
    Info: Destination "ss~124" may be non-global or may not use global clock
    Info: Destination "ss~125" may be non-global or may not use global clock
    Info: Destination "ss~126" may be non-global or may not use global clock
    Info: Destination "ss~127" may be non-global or may not use global clock
    Info: Destination "ss~128" may be non-global or may not use global clock
    Info: Destination "ss~129" may be non-global or may not use global clock
    Info: Destination "ss~130" may be non-global or may not use global clock
Info: Automatically promoted some destinations of signal "sclk~reg0" to use Global clock
    Info: Destination "sclk" may be non-global or may not use global clock
    Info: Destination "slave_cs~97" may be non-global or may not use global clock
    Info: Destination "always2~1" may be non-global or may not use global clock
    Info: Destination "sclk~reg0_wirecell" may be non-global or may not use global clock
Info: Completed Auto Global Promotion Operation
Info: Starting register packing
Info: Fitter is using Normal packing mode for logic elements with Auto setting for Auto Packed Registers logic option
Info: Started processing fast register assignments
Info: Finished processing fast register assignments
Info: Finished register packing: elapsed time is 00:00:00
Info: Statistics of I/O pins that need to be placed that use the same VCCIO and VREF, before I/O pin placement
    Info: Number of I/O pins in group: 24 (unused VREF, 3.30 VCCIO, 6 input, 10 output, 8 bidirectional)
        Info: I/O standards used: 3.3-V LVTTL.
Info: I/O bank details before I/O pin placement
    Info: Statistics of I/O banks
        Info: I/O bank number 1 does not use VREF pins and has undetermined VCCIO pins. 1 total pin(s) used --  37 pins available
        Info: I/O bank number 2 does not use VREF pins and has undetermined VCCIO pins. 0 total pin(s) used --  42 pins available
Info: Fitter placement preparation operations beginning
Info: Fitter placement preparation operations ending: elapsed time is 00:00:00
Info: Fitter placement operations beginning
Info: Fitter placement was successful
Info: Fitter placement operations ending: elapsed time is 00:00:00
Info: Estimated most critical path is register to pin delay of 1.811 ns
    Info: 1: + IC(0.000 ns) + CELL(0.000 ns) = 0.000 ns; Loc. = LAB_X7_Y4; Fanout = 1; REG Node = 'mosi~reg0'
    Info: 2: + IC(0.357 ns) + CELL(1.454 ns) = 1.811 ns; Loc. = PIN_73; Fanout = 0; PIN Node = 'mosi'
    Info: Total cell delay = 1.454 ns ( 80.29 % )
    Info: Total interconnect delay = 0.357 ns ( 19.71 % )
Info: Fitter routing operations beginning
Warning: 2 (of 207) connections in the design require a large routing delay to achieve hold requirements. Please check the circuit's timing constraints and clocking methodology, especially multicycles and gated clocks.
    Info: Found 2 Registers with very high hold time requirements
        Info: Node "data_out[0]"
        Info: Node "data_out[1]"
Info: Average interconnect usage is 9% of the available device resources
    Info: Peak interconnect usage is 9% of the available device resources in the region that extends from location X0_Y0 to location X8_Y5
Info: Fitter routing operations ending: elapsed time is 00:00:00
Info: The Fitter performed an Auto Fit compilation.  Optimizations were skipped to reduce compilation time.
    Info: Optimizations that may affect the design's routability were skipped
    Info: Optimizations that may affect the design's timing were skipped
Info: Following groups of pins have the same output enable
    Info: Following pins have the same output enable: RD
        Info: Type bidirectional pin data_bus[0] uses the 3.3-V LVTTL I/O standard
        Info: Type bidirectional pin data_bus[2] uses the 3.3-V LVTTL I/O standard
        Info: Type bidirectional pin data_bus[4] uses the 3.3-V LVTTL I/O standard
        Info: Type bidirectional pin data_bus[6] uses the 3.3-V LVTTL I/O standard
        Info: Type bidirectional pin data_bus[1] uses the 3.3-V LVTTL I/O standard
        Info: Type bidirectional pin data_bus[3] uses the 3.3-V LVTTL I/O standard
        Info: Type bidirectional pin data_bus[5] uses the 3.3-V LVTTL I/O standard
        Info: Type bidirectional pin data_bus[7] uses the 3.3-V LVTTL I/O standard
Info: Generated suppressed messages file D:/Altera/MAXIIZ update/Design example/AN485/quartus/SPI_Master.fit.smsg
Info: Quartus II Fitter was successful. 0 errors, 4 warnings
    Info: Allocated 175 megabytes of memory during processing
    Info: Processing ended: Thu Nov 22 16:42:02 2007
    Info: Elapsed time: 00:00:06


+----------------------------+
; Fitter Suppressed Messages ;
+----------------------------+
The suppressed messages can be found in D:/Altera/MAXIIZ update/Design example/AN485/quartus/SPI_Master.fit.smsg.


